2019-12-20 09:44:14.737 -ERROR  [  restartedMain] o.s.b.SpringApplication        : Application run failed
org.springframework.beans.factory.BeanCreationException: Error creating bean with name 'sensitiveFilter' defined in file [F:\ideaworkSpace\毕业设计\whg\yuanda\target\classes\wang\haogui\yuanda\component\SensitiveFilter.class]: Invocation of init method failed; nested exception is java.lang.NullPointerException
	at org.springframework.beans.factory.support.AbstractAutowireCapableBeanFactory.initializeBean(AbstractAutowireCapableBeanFactory.java:1796) ~[spring-beans-5.2.2.RELEASE.jar:5.2.2.RELEASE]
	at org.springframework.beans.factory.support.AbstractAutowireCapableBeanFactory.doCreateBean(AbstractAutowireCapableBeanFactory.java:595) ~[spring-beans-5.2.2.RELEASE.jar:5.2.2.RELEASE]
	at org.springframework.beans.factory.support.AbstractAutowireCapableBeanFactory.createBean(AbstractAutowireCapableBeanFactory.java:517) ~[spring-beans-5.2.2.RELEASE.jar:5.2.2.RELEASE]
	at org.springframework.beans.factory.support.AbstractBeanFactory.lambda$doGetBean$0(AbstractBeanFactory.java:323) ~[spring-beans-5.2.2.RELEASE.jar:5.2.2.RELEASE]
	at org.springframework.beans.factory.support.DefaultSingletonBeanRegistry.getSingleton(DefaultSingletonBeanRegistry.java:222) ~[spring-beans-5.2.2.RELEASE.jar:5.2.2.RELEASE]
	at org.springframework.beans.factory.support.AbstractBeanFactory.doGetBean(AbstractBeanFactory.java:321) ~[spring-beans-5.2.2.RELEASE.jar:5.2.2.RELEASE]
	at org.springframework.beans.factory.support.AbstractBeanFactory.getBean(AbstractBeanFactory.java:202) ~[spring-beans-5.2.2.RELEASE.jar:5.2.2.RELEASE]
	at org.springframework.beans.factory.support.DefaultListableBeanFactory.preInstantiateSingletons(DefaultListableBeanFactory.java:879) ~[spring-beans-5.2.2.RELEASE.jar:5.2.2.RELEASE]
	at org.springframework.context.support.AbstractApplicationContext.finishBeanFactoryInitialization(AbstractApplicationContext.java:878) ~[spring-context-5.2.2.RELEASE.jar:5.2.2.RELEASE]
	at org.springframework.context.support.AbstractApplicationContext.refresh(AbstractApplicationContext.java:550) ~[spring-context-5.2.2.RELEASE.jar:5.2.2.RELEASE]
	at org.springframework.boot.web.servlet.context.ServletWebServerApplicationContext.refresh(ServletWebServerApplicationContext.java:141) ~[spring-boot-2.2.2.RELEASE.jar:2.2.2.RELEASE]
	at org.springframework.boot.SpringApplication.refresh(SpringApplication.java:747) [spring-boot-2.2.2.RELEASE.jar:2.2.2.RELEASE]
	at org.springframework.boot.SpringApplication.refreshContext(SpringApplication.java:397) [spring-boot-2.2.2.RELEASE.jar:2.2.2.RELEASE]
	at org.springframework.boot.SpringApplication.run(SpringApplication.java:315) [spring-boot-2.2.2.RELEASE.jar:2.2.2.RELEASE]
	at org.springframework.boot.SpringApplication.run(SpringApplication.java:1226) [spring-boot-2.2.2.RELEASE.jar:2.2.2.RELEASE]
	at org.springframework.boot.SpringApplication.run(SpringApplication.java:1215) [spring-boot-2.2.2.RELEASE.jar:2.2.2.RELEASE]
	at wang.haogui.yuanda.YuandaApplication.main(YuandaApplication.java:10) [classes/:?]
	at jdk.internal.reflect.NativeMethodAccessorImpl.invoke0(Native Method) ~[?:?]
	at jdk.internal.reflect.NativeMethodAccessorImpl.invoke(NativeMethodAccessorImpl.java:62) ~[?:?]
	at jdk.internal.reflect.DelegatingMethodAccessorImpl.invoke(DelegatingMethodAccessorImpl.java:43) ~[?:?]
	at java.lang.reflect.Method.invoke(Method.java:566) ~[?:?]
	at org.springframework.boot.devtools.restart.RestartLauncher.run(RestartLauncher.java:49) [spring-boot-devtools-2.2.2.RELEASE.jar:2.2.2.RELEASE]
Caused by: java.lang.NullPointerException
	at java.io.Reader.<init>(Reader.java:167) ~[?:?]
	at java.io.InputStreamReader.<init>(InputStreamReader.java:97) ~[?:?]
	at wang.haogui.yuanda.component.SensitiveFilter.afterPropertiesSet(SensitiveFilter.java:33) ~[classes/:?]
	at org.springframework.beans.factory.support.AbstractAutowireCapableBeanFactory.invokeInitMethods(AbstractAutowireCapableBeanFactory.java:1855) ~[spring-beans-5.2.2.RELEASE.jar:5.2.2.RELEASE]
	at org.springframework.beans.factory.support.AbstractAutowireCapableBeanFactory.initializeBean(AbstractAutowireCapableBeanFactory.java:1792) ~[spring-beans-5.2.2.RELEASE.jar:5.2.2.RELEASE]
	... 21 more
2019-12-20 09:45:36.060 -ERROR  [  restartedMain] o.s.b.SpringApplication        : Application run failed
org.springframework.beans.factory.BeanCreationException: Error creating bean with name 'sensitiveFilter' defined in file [F:\ideaworkSpace\毕业设计\whg\yuanda\target\classes\wang\haogui\yuanda\component\SensitiveFilter.class]: Invocation of init method failed; nested exception is java.lang.NullPointerException
	at org.springframework.beans.factory.support.AbstractAutowireCapableBeanFactory.initializeBean(AbstractAutowireCapableBeanFactory.java:1796) ~[spring-beans-5.2.2.RELEASE.jar:5.2.2.RELEASE]
	at org.springframework.beans.factory.support.AbstractAutowireCapableBeanFactory.doCreateBean(AbstractAutowireCapableBeanFactory.java:595) ~[spring-beans-5.2.2.RELEASE.jar:5.2.2.RELEASE]
	at org.springframework.beans.factory.support.AbstractAutowireCapableBeanFactory.createBean(AbstractAutowireCapableBeanFactory.java:517) ~[spring-beans-5.2.2.RELEASE.jar:5.2.2.RELEASE]
	at org.springframework.beans.factory.support.AbstractBeanFactory.lambda$doGetBean$0(AbstractBeanFactory.java:323) ~[spring-beans-5.2.2.RELEASE.jar:5.2.2.RELEASE]
	at org.springframework.beans.factory.support.DefaultSingletonBeanRegistry.getSingleton(DefaultSingletonBeanRegistry.java:222) ~[spring-beans-5.2.2.RELEASE.jar:5.2.2.RELEASE]
	at org.springframework.beans.factory.support.AbstractBeanFactory.doGetBean(AbstractBeanFactory.java:321) ~[spring-beans-5.2.2.RELEASE.jar:5.2.2.RELEASE]
	at org.springframework.beans.factory.support.AbstractBeanFactory.getBean(AbstractBeanFactory.java:202) ~[spring-beans-5.2.2.RELEASE.jar:5.2.2.RELEASE]
	at org.springframework.beans.factory.support.DefaultListableBeanFactory.preInstantiateSingletons(DefaultListableBeanFactory.java:879) ~[spring-beans-5.2.2.RELEASE.jar:5.2.2.RELEASE]
	at org.springframework.context.support.AbstractApplicationContext.finishBeanFactoryInitialization(AbstractApplicationContext.java:878) ~[spring-context-5.2.2.RELEASE.jar:5.2.2.RELEASE]
	at org.springframework.context.support.AbstractApplicationContext.refresh(AbstractApplicationContext.java:550) ~[spring-context-5.2.2.RELEASE.jar:5.2.2.RELEASE]
	at org.springframework.boot.web.servlet.context.ServletWebServerApplicationContext.refresh(ServletWebServerApplicationContext.java:141) ~[spring-boot-2.2.2.RELEASE.jar:2.2.2.RELEASE]
	at org.springframework.boot.SpringApplication.refresh(SpringApplication.java:747) [spring-boot-2.2.2.RELEASE.jar:2.2.2.RELEASE]
	at org.springframework.boot.SpringApplication.refreshContext(SpringApplication.java:397) [spring-boot-2.2.2.RELEASE.jar:2.2.2.RELEASE]
	at org.springframework.boot.SpringApplication.run(SpringApplication.java:315) [spring-boot-2.2.2.RELEASE.jar:2.2.2.RELEASE]
	at org.springframework.boot.SpringApplication.run(SpringApplication.java:1226) [spring-boot-2.2.2.RELEASE.jar:2.2.2.RELEASE]
	at org.springframework.boot.SpringApplication.run(SpringApplication.java:1215) [spring-boot-2.2.2.RELEASE.jar:2.2.2.RELEASE]
	at wang.haogui.yuanda.YuandaApplication.main(YuandaApplication.java:10) [classes/:?]
	at jdk.internal.reflect.NativeMethodAccessorImpl.invoke0(Native Method) ~[?:?]
	at jdk.internal.reflect.NativeMethodAccessorImpl.invoke(NativeMethodAccessorImpl.java:62) ~[?:?]
	at jdk.internal.reflect.DelegatingMethodAccessorImpl.invoke(DelegatingMethodAccessorImpl.java:43) ~[?:?]
	at java.lang.reflect.Method.invoke(Method.java:566) ~[?:?]
	at org.springframework.boot.devtools.restart.RestartLauncher.run(RestartLauncher.java:49) [spring-boot-devtools-2.2.2.RELEASE.jar:2.2.2.RELEASE]
Caused by: java.lang.NullPointerException
	at java.io.Reader.<init>(Reader.java:167) ~[?:?]
	at java.io.InputStreamReader.<init>(InputStreamReader.java:97) ~[?:?]
	at wang.haogui.yuanda.component.SensitiveFilter.afterPropertiesSet(SensitiveFilter.java:33) ~[classes/:?]
	at org.springframework.beans.factory.support.AbstractAutowireCapableBeanFactory.invokeInitMethods(AbstractAutowireCapableBeanFactory.java:1855) ~[spring-beans-5.2.2.RELEASE.jar:5.2.2.RELEASE]
	at org.springframework.beans.factory.support.AbstractAutowireCapableBeanFactory.initializeBean(AbstractAutowireCapableBeanFactory.java:1792) ~[spring-beans-5.2.2.RELEASE.jar:5.2.2.RELEASE]
	... 21 more
2019-12-20 09:47:17.431 -ERROR  [  restartedMain] o.s.b.SpringApplication        : Application run failed
org.springframework.beans.factory.BeanCreationException: Error creating bean with name 'sensitiveFilter' defined in file [F:\ideaworkSpace\毕业设计\whg\yuanda\target\classes\wang\haogui\yuanda\component\SensitiveFilter.class]: Invocation of init method failed; nested exception is java.lang.NullPointerException
	at org.springframework.beans.factory.support.AbstractAutowireCapableBeanFactory.initializeBean(AbstractAutowireCapableBeanFactory.java:1796) ~[spring-beans-5.2.2.RELEASE.jar:5.2.2.RELEASE]
	at org.springframework.beans.factory.support.AbstractAutowireCapableBeanFactory.doCreateBean(AbstractAutowireCapableBeanFactory.java:595) ~[spring-beans-5.2.2.RELEASE.jar:5.2.2.RELEASE]
	at org.springframework.beans.factory.support.AbstractAutowireCapableBeanFactory.createBean(AbstractAutowireCapableBeanFactory.java:517) ~[spring-beans-5.2.2.RELEASE.jar:5.2.2.RELEASE]
	at org.springframework.beans.factory.support.AbstractBeanFactory.lambda$doGetBean$0(AbstractBeanFactory.java:323) ~[spring-beans-5.2.2.RELEASE.jar:5.2.2.RELEASE]
	at org.springframework.beans.factory.support.DefaultSingletonBeanRegistry.getSingleton(DefaultSingletonBeanRegistry.java:222) ~[spring-beans-5.2.2.RELEASE.jar:5.2.2.RELEASE]
	at org.springframework.beans.factory.support.AbstractBeanFactory.doGetBean(AbstractBeanFactory.java:321) ~[spring-beans-5.2.2.RELEASE.jar:5.2.2.RELEASE]
	at org.springframework.beans.factory.support.AbstractBeanFactory.getBean(AbstractBeanFactory.java:202) ~[spring-beans-5.2.2.RELEASE.jar:5.2.2.RELEASE]
	at org.springframework.beans.factory.support.DefaultListableBeanFactory.preInstantiateSingletons(DefaultListableBeanFactory.java:879) ~[spring-beans-5.2.2.RELEASE.jar:5.2.2.RELEASE]
	at org.springframework.context.support.AbstractApplicationContext.finishBeanFactoryInitialization(AbstractApplicationContext.java:878) ~[spring-context-5.2.2.RELEASE.jar:5.2.2.RELEASE]
	at org.springframework.context.support.AbstractApplicationContext.refresh(AbstractApplicationContext.java:550) ~[spring-context-5.2.2.RELEASE.jar:5.2.2.RELEASE]
	at org.springframework.boot.web.servlet.context.ServletWebServerApplicationContext.refresh(ServletWebServerApplicationContext.java:141) ~[spring-boot-2.2.2.RELEASE.jar:2.2.2.RELEASE]
	at org.springframework.boot.SpringApplication.refresh(SpringApplication.java:747) [spring-boot-2.2.2.RELEASE.jar:2.2.2.RELEASE]
	at org.springframework.boot.SpringApplication.refreshContext(SpringApplication.java:397) [spring-boot-2.2.2.RELEASE.jar:2.2.2.RELEASE]
	at org.springframework.boot.SpringApplication.run(SpringApplication.java:315) [spring-boot-2.2.2.RELEASE.jar:2.2.2.RELEASE]
	at org.springframework.boot.SpringApplication.run(SpringApplication.java:1226) [spring-boot-2.2.2.RELEASE.jar:2.2.2.RELEASE]
	at org.springframework.boot.SpringApplication.run(SpringApplication.java:1215) [spring-boot-2.2.2.RELEASE.jar:2.2.2.RELEASE]
	at wang.haogui.yuanda.YuandaApplication.main(YuandaApplication.java:10) [classes/:?]
	at jdk.internal.reflect.NativeMethodAccessorImpl.invoke0(Native Method) ~[?:?]
	at jdk.internal.reflect.NativeMethodAccessorImpl.invoke(NativeMethodAccessorImpl.java:62) ~[?:?]
	at jdk.internal.reflect.DelegatingMethodAccessorImpl.invoke(DelegatingMethodAccessorImpl.java:43) ~[?:?]
	at java.lang.reflect.Method.invoke(Method.java:566) ~[?:?]
	at org.springframework.boot.devtools.restart.RestartLauncher.run(RestartLauncher.java:49) [spring-boot-devtools-2.2.2.RELEASE.jar:2.2.2.RELEASE]
Caused by: java.lang.NullPointerException
	at java.io.Reader.<init>(Reader.java:167) ~[?:?]
	at java.io.InputStreamReader.<init>(InputStreamReader.java:97) ~[?:?]
	at wang.haogui.yuanda.component.SensitiveFilter.afterPropertiesSet(SensitiveFilter.java:33) ~[classes/:?]
	at org.springframework.beans.factory.support.AbstractAutowireCapableBeanFactory.invokeInitMethods(AbstractAutowireCapableBeanFactory.java:1855) ~[spring-beans-5.2.2.RELEASE.jar:5.2.2.RELEASE]
	at org.springframework.beans.factory.support.AbstractAutowireCapableBeanFactory.initializeBean(AbstractAutowireCapableBeanFactory.java:1792) ~[spring-beans-5.2.2.RELEASE.jar:5.2.2.RELEASE]
	... 21 more
